TN:
SF:src/modules/class-todo.js
FN:2,(anonymous_0)
FNF:1
FNH:1
FNDA:9,(anonymous_0)
DA:3,9
DA:4,9
DA:5,9
LF:3
LH:3
BRF:0
BRH:0
end_of_record
TN:
SF:src/modules/crud.js
FN:4,(anonymous_0)
FN:13,(anonymous_1)
FN:15,(anonymous_2)
FN:19,editTodo
FNF:4
FNH:4
FNDA:9,(anonymous_0)
FNDA:3,(anonymous_1)
FNDA:6,(anonymous_2)
FNDA:2,editTodo
DA:4,3
DA:5,9
DA:6,9
DA:7,9
DA:8,9
DA:9,9
DA:13,3
DA:14,3
DA:15,6
DA:16,3
DA:20,2
DA:21,2
DA:22,4
DA:23,2
DA:26,2
LF:15
LH:15
BRDA:5,0,0,9
BRDA:5,0,1,0
BRDA:22,1,0,2
BRDA:22,1,1,2
BRF:4
BRH:3
end_of_record
TN:
SF:src/modules/render-list.js
FN:3,(anonymous_0)
FNF:1
FNH:1
FNDA:4,(anonymous_0)
DA:3,1
DA:4,4
DA:5,4
DA:6,4
DA:7,4
DA:8,4
DA:9,5
DA:21,5
LF:8
LH:8
BRDA:11,0,0,0
BRDA:11,0,1,5
BRF:2
BRH:1
end_of_record
TN:
SF:src/modules/store.js
FN:2,(anonymous_0)
FN:9,(anonymous_1)
FN:13,(anonymous_2)
FN:14,(anonymous_3)
FNF:4
FNH:4
FNDA:32,(anonymous_0)
FNDA:18,(anonymous_1)
FNDA:4,(anonymous_2)
FNDA:5,(anonymous_3)
DA:2,3
DA:3,32
DA:4,32
DA:5,29
DA:6,3
DA:9,3
DA:10,18
DA:13,3
DA:14,4
DA:15,5
DA:17,4
LF:11
LH:11
BRDA:4,0,0,29
BRDA:4,0,1,3
BRF:2
BRH:2
end_of_record
TN:
SF:src/modules/update.js
FN:3,updateTodo
FN:13,removeComleted
FN:15,(anonymous_2)
FNF:3
FNH:3
FNDA:3,updateTodo
FNDA:1,removeComleted
FNDA:4,(anonymous_2)
DA:4,3
DA:5,3
DA:6,12
DA:7,3
DA:8,3
DA:14,1
DA:15,4
DA:16,1
LF:8
LH:8
BRDA:6,0,0,3
BRDA:6,0,1,9
BRF:2
BRH:2
end_of_record
